0 info it worked if it ends with ok
1 verbose cli [ '/usr/local/Cellar/node/5.0.0/bin/node',
1 verbose cli   '/usr/local/bin/npm',
1 verbose cli   'install',
1 verbose cli   '--save-dev',
1 verbose cli   'gulp-notify' ]
2 info using npm@3.3.9
3 info using node@v5.0.0
4 silly loadCurrentTree Starting
5 silly install loadCurrentTree
6 silly install readLocalPackageData
7 silly fetchPackageMetaData gulp-notify@^1.8.0
8 silly fetchNamedPackageData gulp-notify
9 silly mapToRegistry name gulp-notify
10 silly mapToRegistry using default registry
11 silly mapToRegistry registry https://registry.npmjs.org/
12 silly mapToRegistry uri https://registry.npmjs.org/gulp-notify
13 verbose request uri https://registry.npmjs.org/gulp-notify
14 verbose request no auth needed
15 info attempt registry request try #1 at 11:13:41 AM
16 verbose request id 7a5a3bd858b567b6
17 verbose etag "2NEYNTDVIY7FCZ94PFAGMQ27R"
18 http request GET https://registry.npmjs.org/gulp-notify
19 http 304 https://registry.npmjs.org/gulp-notify
20 verbose headers { date: 'Wed, 09 Dec 2015 16:13:45 GMT',
20 verbose headers   via: '1.1 varnish',
20 verbose headers   'cache-control': 'max-age=60',
20 verbose headers   etag: '"2NEYNTDVIY7FCZ94PFAGMQ27R"',
20 verbose headers   age: '49',
20 verbose headers   connection: 'keep-alive',
20 verbose headers   'x-served-by': 'cache-iad2123-IAD',
20 verbose headers   'x-cache': 'HIT',
20 verbose headers   'x-cache-hits': '1',
20 verbose headers   'x-timer': 'S1449677625.402886,VS0,VE0',
20 verbose headers   vary: 'Accept' }
21 silly get cb [ 304,
21 silly get   { date: 'Wed, 09 Dec 2015 16:13:45 GMT',
21 silly get     via: '1.1 varnish',
21 silly get     'cache-control': 'max-age=60',
21 silly get     etag: '"2NEYNTDVIY7FCZ94PFAGMQ27R"',
21 silly get     age: '49',
21 silly get     connection: 'keep-alive',
21 silly get     'x-served-by': 'cache-iad2123-IAD',
21 silly get     'x-cache': 'HIT',
21 silly get     'x-cache-hits': '1',
21 silly get     'x-timer': 'S1449677625.402886,VS0,VE0',
21 silly get     vary: 'Accept' } ]
22 verbose etag https://registry.npmjs.org/gulp-notify from cache
23 verbose get saving gulp-notify to /Users/hannahlmurray/.npm/registry.npmjs.org/gulp-notify/.cache.json
24 silly install normalizeTree
25 silly loadCurrentTree Finishing
26 silly loadIdealTree Starting
27 silly install loadIdealTree
28 silly cloneCurrentTree Starting
29 silly install cloneCurrentTreeToIdealTree
30 silly cloneCurrentTree Finishing
31 silly loadShrinkwrap Starting
32 silly install loadShrinkwrap
33 silly loadShrinkwrap Finishing
34 silly loadAllDepsIntoIdealTree Starting
35 silly install loadAllDepsIntoIdealTree
36 silly resolveWithNewModule gulp-notify@1.8.0 checking installable status
37 silly cache add args [ 'gulp-notify@^1.8.0', null ]
38 verbose cache add spec gulp-notify@^1.8.0
39 silly cache add parsed spec Result {
39 silly cache add   raw: 'gulp-notify@^1.8.0',
39 silly cache add   scope: null,
39 silly cache add   name: 'gulp-notify',
39 silly cache add   rawSpec: '^1.8.0',
39 silly cache add   spec: '>=1.8.0 <2.0.0',
39 silly cache add   type: 'range' }
40 silly addNamed gulp-notify@>=1.8.0 <2.0.0
41 verbose addNamed ">=1.8.0 <2.0.0" is a valid semver range for gulp-notify
42 silly addNameRange { name: 'gulp-notify', range: '>=1.8.0 <2.0.0', hasData: false }
43 silly mapToRegistry name gulp-notify
44 silly mapToRegistry using default registry
45 silly mapToRegistry registry https://registry.npmjs.org/
46 silly mapToRegistry uri https://registry.npmjs.org/gulp-notify
47 verbose addNameRange registry:https://registry.npmjs.org/gulp-notify not in flight; fetching
48 verbose get https://registry.npmjs.org/gulp-notify not expired, no request
49 silly addNameRange number 2 { name: 'gulp-notify', range: '>=1.8.0 <2.0.0', hasData: true }
50 silly addNameRange versions [ 'gulp-notify',
50 silly addNameRange   [ '0.0.5',
50 silly addNameRange     '0.0.6',
50 silly addNameRange     '0.0.7',
50 silly addNameRange     '0.0.8',
50 silly addNameRange     '0.1.0',
50 silly addNameRange     '0.2.0',
50 silly addNameRange     '0.3.0',
50 silly addNameRange     '0.3.2',
50 silly addNameRange     '0.3.3',
50 silly addNameRange     '0.3.4',
50 silly addNameRange     '0.3.4-1',
50 silly addNameRange     '0.3.4-2',
50 silly addNameRange     '0.3.5-0',
50 silly addNameRange     '0.4.0',
50 silly addNameRange     '0.4.1',
50 silly addNameRange     '0.4.2',
50 silly addNameRange     '0.4.3',
50 silly addNameRange     '0.4.5',
50 silly addNameRange     '0.4.6',
50 silly addNameRange     '0.5.0',
50 silly addNameRange     '0.5.1',
50 silly addNameRange     '0.6.0',
50 silly addNameRange     '0.6.1',
50 silly addNameRange     '0.6.2',
50 silly addNameRange     '1.0.0-beta',
50 silly addNameRange     '1.1.0',
50 silly addNameRange     '1.1.1',
50 silly addNameRange     '1.2.0',
50 silly addNameRange     '1.2.1',
50 silly addNameRange     '1.2.2',
50 silly addNameRange     '1.2.4',
50 silly addNameRange     '1.2.5',
50 silly addNameRange     '1.2.6',
50 silly addNameRange     '1.3.0',
50 silly addNameRange     '1.3.1',
50 silly addNameRange     '1.4.0',
50 silly addNameRange     '1.4.1',
50 silly addNameRange     '1.4.2',
50 silly addNameRange     '1.5.0',
50 silly addNameRange     '1.5.1',
50 silly addNameRange     '1.6.0',
50 silly addNameRange     '1.7.0',
50 silly addNameRange     '1.7.1',
50 silly addNameRange     '1.8.0',
50 silly addNameRange     '2.0.0',
50 silly addNameRange     '2.0.1',
50 silly addNameRange     '2.1.0',
50 silly addNameRange     '2.2.0' ] ]
51 silly addNamed gulp-notify@1.8.0
52 verbose addNamed "1.8.0" is a plain semver version for gulp-notify
53 silly cache afterAdd gulp-notify@1.8.0
54 verbose afterAdd /Users/hannahlmurray/.npm/gulp-notify/1.8.0/package/package.json not in flight; writing
55 verbose afterAdd /Users/hannahlmurray/.npm/gulp-notify/1.8.0/package/package.json written
56 silly fetchNamedPackageData gulp-util
57 silly mapToRegistry name gulp-util
58 silly mapToRegistry using default registry
59 silly mapToRegistry registry https://registry.npmjs.org/
60 silly mapToRegistry uri https://registry.npmjs.org/gulp-util
61 silly fetchNamedPackageData lodash.template
62 silly mapToRegistry name lodash.template
63 silly mapToRegistry using default registry
64 silly mapToRegistry registry https://registry.npmjs.org/
65 silly mapToRegistry uri https://registry.npmjs.org/lodash.template
66 silly fetchNamedPackageData node-notifier
67 silly mapToRegistry name node-notifier
68 silly mapToRegistry using default registry
69 silly mapToRegistry registry https://registry.npmjs.org/
70 silly mapToRegistry uri https://registry.npmjs.org/node-notifier
71 silly fetchNamedPackageData node.extend
72 silly mapToRegistry name node.extend
73 silly mapToRegistry using default registry
74 silly mapToRegistry registry https://registry.npmjs.org/
75 silly mapToRegistry uri https://registry.npmjs.org/node.extend
76 silly fetchNamedPackageData through2
77 silly mapToRegistry name through2
78 silly mapToRegistry using default registry
79 silly mapToRegistry registry https://registry.npmjs.org/
80 silly mapToRegistry uri https://registry.npmjs.org/through2
81 verbose request uri https://registry.npmjs.org/gulp-util
82 verbose request no auth needed
83 info attempt registry request try #1 at 11:13:46 AM
84 verbose etag "73JJY6D2M6C5DPHRRP8BS8DNM"
85 http request GET https://registry.npmjs.org/gulp-util
86 verbose request uri https://registry.npmjs.org/node-notifier
87 verbose request no auth needed
88 info attempt registry request try #1 at 11:13:46 AM
89 verbose etag "KFKGUNI83O6BUNRGDDK50YJD"
90 http request GET https://registry.npmjs.org/node-notifier
91 verbose request uri https://registry.npmjs.org/lodash.template
92 verbose request no auth needed
93 info attempt registry request try #1 at 11:13:46 AM
94 verbose etag "986D3Z3UFXUBY4E9AIO4H9CRW"
95 http request GET https://registry.npmjs.org/lodash.template
96 verbose request uri https://registry.npmjs.org/node.extend
97 verbose request no auth needed
98 info attempt registry request try #1 at 11:13:46 AM
99 verbose etag "BVPL82PA49H7TJRRIORS65NRQ"
100 http request GET https://registry.npmjs.org/node.extend
101 verbose request uri https://registry.npmjs.org/through2
102 verbose request no auth needed
103 info attempt registry request try #1 at 11:13:46 AM
104 verbose etag "7Y3467OLT5MUG18G4OJD579UP"
105 http request GET https://registry.npmjs.org/through2
106 http 304 https://registry.npmjs.org/node-notifier
107 verbose headers { date: 'Wed, 09 Dec 2015 16:13:46 GMT',
107 verbose headers   via: '1.1 varnish',
107 verbose headers   'cache-control': 'max-age=60',
107 verbose headers   etag: '"KFKGUNI83O6BUNRGDDK50YJD"',
107 verbose headers   age: '30',
107 verbose headers   connection: 'keep-alive',
107 verbose headers   'x-served-by': 'cache-iad2131-IAD',
107 verbose headers   'x-cache': 'HIT',
107 verbose headers   'x-cache-hits': '1',
107 verbose headers   'x-timer': 'S1449677626.953158,VS0,VE0',
107 verbose headers   vary: 'Accept' }
108 silly get cb [ 304,
108 silly get   { date: 'Wed, 09 Dec 2015 16:13:46 GMT',
108 silly get     via: '1.1 varnish',
108 silly get     'cache-control': 'max-age=60',
108 silly get     etag: '"KFKGUNI83O6BUNRGDDK50YJD"',
108 silly get     age: '30',
108 silly get     connection: 'keep-alive',
108 silly get     'x-served-by': 'cache-iad2131-IAD',
108 silly get     'x-cache': 'HIT',
108 silly get     'x-cache-hits': '1',
108 silly get     'x-timer': 'S1449677626.953158,VS0,VE0',
108 silly get     vary: 'Accept' } ]
109 verbose etag https://registry.npmjs.org/node-notifier from cache
110 verbose get saving node-notifier to /Users/hannahlmurray/.npm/registry.npmjs.org/node-notifier/.cache.json
111 http 304 https://registry.npmjs.org/gulp-util
112 verbose headers { date: 'Wed, 09 Dec 2015 16:13:46 GMT',
112 verbose headers   via: '1.1 varnish',
112 verbose headers   'cache-control': 'max-age=60',
112 verbose headers   etag: '"73JJY6D2M6C5DPHRRP8BS8DNM"',
112 verbose headers   age: '43',
112 verbose headers   connection: 'keep-alive',
112 verbose headers   'x-served-by': 'cache-iad2140-IAD',
112 verbose headers   'x-cache': 'HIT',
112 verbose headers   'x-cache-hits': '3',
112 verbose headers   'x-timer': 'S1449677626.956461,VS0,VE0',
112 verbose headers   vary: 'Accept' }
113 silly get cb [ 304,
113 silly get   { date: 'Wed, 09 Dec 2015 16:13:46 GMT',
113 silly get     via: '1.1 varnish',
113 silly get     'cache-control': 'max-age=60',
113 silly get     etag: '"73JJY6D2M6C5DPHRRP8BS8DNM"',
113 silly get     age: '43',
113 silly get     connection: 'keep-alive',
113 silly get     'x-served-by': 'cache-iad2140-IAD',
113 silly get     'x-cache': 'HIT',
113 silly get     'x-cache-hits': '3',
113 silly get     'x-timer': 'S1449677626.956461,VS0,VE0',
113 silly get     vary: 'Accept' } ]
114 verbose etag https://registry.npmjs.org/gulp-util from cache
115 verbose get saving gulp-util to /Users/hannahlmurray/.npm/registry.npmjs.org/gulp-util/.cache.json
116 http 304 https://registry.npmjs.org/lodash.template
117 verbose headers { date: 'Wed, 09 Dec 2015 16:13:46 GMT',
117 verbose headers   via: '1.1 varnish',
117 verbose headers   'cache-control': 'max-age=60',
117 verbose headers   etag: '"986D3Z3UFXUBY4E9AIO4H9CRW"',
117 verbose headers   age: '22',
117 verbose headers   connection: 'keep-alive',
117 verbose headers   'x-served-by': 'cache-iad2126-IAD',
117 verbose headers   'x-cache': 'HIT',
117 verbose headers   'x-cache-hits': '2',
117 verbose headers   'x-timer': 'S1449677626.959219,VS0,VE0',
117 verbose headers   vary: 'Accept' }
118 silly get cb [ 304,
118 silly get   { date: 'Wed, 09 Dec 2015 16:13:46 GMT',
118 silly get     via: '1.1 varnish',
118 silly get     'cache-control': 'max-age=60',
118 silly get     etag: '"986D3Z3UFXUBY4E9AIO4H9CRW"',
118 silly get     age: '22',
118 silly get     connection: 'keep-alive',
118 silly get     'x-served-by': 'cache-iad2126-IAD',
118 silly get     'x-cache': 'HIT',
118 silly get     'x-cache-hits': '2',
118 silly get     'x-timer': 'S1449677626.959219,VS0,VE0',
118 silly get     vary: 'Accept' } ]
119 verbose etag https://registry.npmjs.org/lodash.template from cache
120 verbose get saving lodash.template to /Users/hannahlmurray/.npm/registry.npmjs.org/lodash.template/.cache.json
121 http 304 https://registry.npmjs.org/node.extend
122 verbose headers { date: 'Wed, 09 Dec 2015 16:13:46 GMT',
122 verbose headers   via: '1.1 varnish',
122 verbose headers   'cache-control': 'max-age=60',
122 verbose headers   etag: '"BVPL82PA49H7TJRRIORS65NRQ"',
122 verbose headers   age: '15',
122 verbose headers   connection: 'keep-alive',
122 verbose headers   'x-served-by': 'cache-iad2143-IAD',
122 verbose headers   'x-cache': 'HIT',
122 verbose headers   'x-cache-hits': '1',
122 verbose headers   'x-timer': 'S1449677626.986098,VS0,VE0',
122 verbose headers   vary: 'Accept' }
123 silly get cb [ 304,
123 silly get   { date: 'Wed, 09 Dec 2015 16:13:46 GMT',
123 silly get     via: '1.1 varnish',
123 silly get     'cache-control': 'max-age=60',
123 silly get     etag: '"BVPL82PA49H7TJRRIORS65NRQ"',
123 silly get     age: '15',
123 silly get     connection: 'keep-alive',
123 silly get     'x-served-by': 'cache-iad2143-IAD',
123 silly get     'x-cache': 'HIT',
123 silly get     'x-cache-hits': '1',
123 silly get     'x-timer': 'S1449677626.986098,VS0,VE0',
123 silly get     vary: 'Accept' } ]
124 verbose etag https://registry.npmjs.org/node.extend from cache
125 verbose get saving node.extend to /Users/hannahlmurray/.npm/registry.npmjs.org/node.extend/.cache.json
126 http 304 https://registry.npmjs.org/through2
127 verbose headers { date: 'Wed, 09 Dec 2015 16:13:46 GMT',
127 verbose headers   via: '1.1 varnish',
127 verbose headers   'cache-control': 'max-age=60',
127 verbose headers   etag: '"7Y3467OLT5MUG18G4OJD579UP"',
127 verbose headers   age: '34',
127 verbose headers   connection: 'keep-alive',
127 verbose headers   'x-served-by': 'cache-iad2131-IAD',
127 verbose headers   'x-cache': 'HIT',
127 verbose headers   'x-cache-hits': '2',
127 verbose headers   'x-timer': 'S1449677626.991405,VS0,VE0',
127 verbose headers   vary: 'Accept' }
128 silly get cb [ 304,
128 silly get   { date: 'Wed, 09 Dec 2015 16:13:46 GMT',
128 silly get     via: '1.1 varnish',
128 silly get     'cache-control': 'max-age=60',
128 silly get     etag: '"7Y3467OLT5MUG18G4OJD579UP"',
128 silly get     age: '34',
128 silly get     connection: 'keep-alive',
128 silly get     'x-served-by': 'cache-iad2131-IAD',
128 silly get     'x-cache': 'HIT',
128 silly get     'x-cache-hits': '2',
128 silly get     'x-timer': 'S1449677626.991405,VS0,VE0',
128 silly get     vary: 'Accept' } ]
129 verbose etag https://registry.npmjs.org/through2 from cache
130 verbose get saving through2 to /Users/hannahlmurray/.npm/registry.npmjs.org/through2/.cache.json
131 silly resolveWithNewModule gulp-util@2.2.20 checking installable status
132 silly cache add args [ 'gulp-util@~2.2.12', null ]
133 verbose cache add spec gulp-util@~2.2.12
134 silly cache add parsed spec Result {
134 silly cache add   raw: 'gulp-util@~2.2.12',
134 silly cache add   scope: null,
134 silly cache add   name: 'gulp-util',
134 silly cache add   rawSpec: '~2.2.12',
134 silly cache add   spec: '>=2.2.12 <2.3.0',
134 silly cache add   type: 'range' }
135 silly addNamed gulp-util@>=2.2.12 <2.3.0
136 verbose addNamed ">=2.2.12 <2.3.0" is a valid semver range for gulp-util
137 silly addNameRange { name: 'gulp-util', range: '>=2.2.12 <2.3.0', hasData: false }
138 silly mapToRegistry name gulp-util
139 silly mapToRegistry using default registry
140 silly mapToRegistry registry https://registry.npmjs.org/
141 silly mapToRegistry uri https://registry.npmjs.org/gulp-util
142 verbose addNameRange registry:https://registry.npmjs.org/gulp-util not in flight; fetching
143 silly resolveWithNewModule node-notifier@3.4.1 checking installable status
144 silly cache add args [ 'node-notifier@^3.4.1', null ]
145 verbose cache add spec node-notifier@^3.4.1
146 silly cache add parsed spec Result {
146 silly cache add   raw: 'node-notifier@^3.4.1',
146 silly cache add   scope: null,
146 silly cache add   name: 'node-notifier',
146 silly cache add   rawSpec: '^3.4.1',
146 silly cache add   spec: '>=3.4.1 <4.0.0',
146 silly cache add   type: 'range' }
147 silly addNamed node-notifier@>=3.4.1 <4.0.0
148 verbose addNamed ">=3.4.1 <4.0.0" is a valid semver range for node-notifier
149 silly addNameRange { name: 'node-notifier',
149 silly addNameRange   range: '>=3.4.1 <4.0.0',
149 silly addNameRange   hasData: false }
150 silly mapToRegistry name node-notifier
151 silly mapToRegistry using default registry
152 silly mapToRegistry registry https://registry.npmjs.org/
153 silly mapToRegistry uri https://registry.npmjs.org/node-notifier
154 verbose addNameRange registry:https://registry.npmjs.org/node-notifier not in flight; fetching
155 silly resolveWithNewModule lodash.template@2.4.1 checking installable status
156 silly cache add args [ 'lodash.template@~2.4.1', null ]
157 verbose cache add spec lodash.template@~2.4.1
158 silly cache add parsed spec Result {
158 silly cache add   raw: 'lodash.template@~2.4.1',
158 silly cache add   scope: null,
158 silly cache add   name: 'lodash.template',
158 silly cache add   rawSpec: '~2.4.1',
158 silly cache add   spec: '>=2.4.1 <2.5.0',
158 silly cache add   type: 'range' }
159 silly addNamed lodash.template@>=2.4.1 <2.5.0
160 verbose addNamed ">=2.4.1 <2.5.0" is a valid semver range for lodash.template
161 silly addNameRange { name: 'lodash.template',
161 silly addNameRange   range: '>=2.4.1 <2.5.0',
161 silly addNameRange   hasData: false }
162 silly mapToRegistry name lodash.template
163 silly mapToRegistry using default registry
164 silly mapToRegistry registry https://registry.npmjs.org/
165 silly mapToRegistry uri https://registry.npmjs.org/lodash.template
166 verbose addNameRange registry:https://registry.npmjs.org/lodash.template not in flight; fetching
167 silly resolveWithNewModule through2@1.1.1 checking installable status
168 silly cache add args [ 'through2@^1.0.0', null ]
169 verbose cache add spec through2@^1.0.0
170 silly cache add parsed spec Result {
170 silly cache add   raw: 'through2@^1.0.0',
170 silly cache add   scope: null,
170 silly cache add   name: 'through2',
170 silly cache add   rawSpec: '^1.0.0',
170 silly cache add   spec: '>=1.0.0 <2.0.0',
170 silly cache add   type: 'range' }
171 silly addNamed through2@>=1.0.0 <2.0.0
172 verbose addNamed ">=1.0.0 <2.0.0" is a valid semver range for through2
173 silly addNameRange { name: 'through2', range: '>=1.0.0 <2.0.0', hasData: false }
174 silly mapToRegistry name through2
175 silly mapToRegistry using default registry
176 silly mapToRegistry registry https://registry.npmjs.org/
177 silly mapToRegistry uri https://registry.npmjs.org/through2
178 verbose addNameRange registry:https://registry.npmjs.org/through2 not in flight; fetching
179 silly resolveWithNewModule node.extend@1.1.5 checking installable status
180 silly cache add args [ 'node.extend@^1.0.9', null ]
181 verbose cache add spec node.extend@^1.0.9
182 silly cache add parsed spec Result {
182 silly cache add   raw: 'node.extend@^1.0.9',
182 silly cache add   scope: null,
182 silly cache add   name: 'node.extend',
182 silly cache add   rawSpec: '^1.0.9',
182 silly cache add   spec: '>=1.0.9 <2.0.0',
182 silly cache add   type: 'range' }
183 silly addNamed node.extend@>=1.0.9 <2.0.0
184 verbose addNamed ">=1.0.9 <2.0.0" is a valid semver range for node.extend
185 silly addNameRange { name: 'node.extend', range: '>=1.0.9 <2.0.0', hasData: false }
186 silly mapToRegistry name node.extend
187 silly mapToRegistry using default registry
188 silly mapToRegistry registry https://registry.npmjs.org/
189 silly mapToRegistry uri https://registry.npmjs.org/node.extend
190 verbose addNameRange registry:https://registry.npmjs.org/node.extend not in flight; fetching
191 verbose get https://registry.npmjs.org/gulp-util not expired, no request
192 silly addNameRange number 2 { name: 'gulp-util', range: '>=2.2.12 <2.3.0', hasData: true }
193 silly addNameRange versions [ 'gulp-util',
193 silly addNameRange   [ '0.0.1',
193 silly addNameRange     '1.0.0',
193 silly addNameRange     '1.1.0',
193 silly addNameRange     '1.1.1',
193 silly addNameRange     '1.2.0',
193 silly addNameRange     '1.3.0',
193 silly addNameRange     '2.0.0',
193 silly addNameRange     '2.1.1',
193 silly addNameRange     '2.1.2',
193 silly addNameRange     '2.1.3',
193 silly addNameRange     '2.1.4',
193 silly addNameRange     '2.2.0',
193 silly addNameRange     '2.2.1',
193 silly addNameRange     '2.2.2',
193 silly addNameRange     '2.2.3',
193 silly addNameRange     '2.2.5',
193 silly addNameRange     '2.2.6',
193 silly addNameRange     '2.2.7',
193 silly addNameRange     '2.2.8',
193 silly addNameRange     '2.2.9',
193 silly addNameRange     '2.2.10',
193 silly addNameRange     '2.2.11',
193 silly addNameRange     '2.2.12',
193 silly addNameRange     '2.2.13',
193 silly addNameRange     '2.2.14',
193 silly addNameRange     '2.2.15',
193 silly addNameRange     '2.2.16',
193 silly addNameRange     '2.2.17',
193 silly addNameRange     '2.2.18',
193 silly addNameRange     '2.2.19',
193 silly addNameRange     '2.2.20',
193 silly addNameRange     '3.0.0',
193 silly addNameRange     '3.0.1',
193 silly addNameRange     '3.0.2',
193 silly addNameRange     '3.0.3',
193 silly addNameRange     '3.0.4',
193 silly addNameRange     '3.0.5',
193 silly addNameRange     '3.0.6',
193 silly addNameRange     '3.0.7' ] ]
194 silly addNamed gulp-util@2.2.20
195 verbose addNamed "2.2.20" is a plain semver version for gulp-util
196 verbose get https://registry.npmjs.org/node-notifier not expired, no request
197 silly addNameRange number 2 { name: 'node-notifier', range: '>=3.4.1 <4.0.0', hasData: true }
198 silly addNameRange versions [ 'node-notifier',
198 silly addNameRange   [ '0.0.1',
198 silly addNameRange     '0.0.2',
198 silly addNameRange     '0.5.0',
198 silly addNameRange     '1.0.0-beta',
198 silly addNameRange     '1.0.0-beta2',
198 silly addNameRange     '1.1.0',
198 silly addNameRange     '1.1.1-1',
198 silly addNameRange     '1.1.1-2',
198 silly addNameRange     '1.1.2-0',
198 silly addNameRange     '1.2.0',
198 silly addNameRange     '1.2.1',
198 silly addNameRange     '2.0.0-alpha',
198 silly addNameRange     '2.0.1',
198 silly addNameRange     '2.0.2',
198 silly addNameRange     '2.0.3',
198 silly addNameRange     '2.0.4',
198 silly addNameRange     '2.0.5',
198 silly addNameRange     '2.0.6',
198 silly addNameRange     '3.0.0',
198 silly addNameRange     '3.0.1',
198 silly addNameRange     '3.0.2',
198 silly addNameRange     '3.0.3',
198 silly addNameRange     '3.0.4',
198 silly addNameRange     '3.0.6',
198 silly addNameRange     '3.1.1',
198 silly addNameRange     '3.1.2',
198 silly addNameRange     '3.1.3',
198 silly addNameRange     '3.2.0',
198 silly addNameRange     '3.2.1',
198 silly addNameRange     '3.3.0',
198 silly addNameRange     '3.4.0',
198 silly addNameRange     '3.4.1',
198 silly addNameRange     '4.0.0',
198 silly addNameRange     '4.0.1',
198 silly addNameRange     '4.0.2',
198 silly addNameRange     '4.0.3',
198 silly addNameRange     '4.1.0',
198 silly addNameRange     '4.1.1',
198 silly addNameRange     '4.1.2',
198 silly addNameRange     '4.2.0',
198 silly addNameRange     '4.2.1',
198 silly addNameRange     '4.2.2',
198 silly addNameRange     '4.2.3',
198 silly addNameRange     '4.3.0',
198 silly addNameRange     '4.3.1',
198 silly addNameRange     '4.4.0' ] ]
199 silly addNamed node-notifier@3.4.1
200 verbose addNamed "3.4.1" is a plain semver version for node-notifier
201 verbose get https://registry.npmjs.org/through2 not expired, no request
202 silly addNameRange number 2 { name: 'through2', range: '>=1.0.0 <2.0.0', hasData: true }
203 silly addNameRange versions [ 'through2',
203 silly addNameRange   [ '0.0.0',
203 silly addNameRange     '0.0.1',
203 silly addNameRange     '0.0.2',
203 silly addNameRange     '0.0.3',
203 silly addNameRange     '0.0.4',
203 silly addNameRange     '0.0.5',
203 silly addNameRange     '0.1.0',
203 silly addNameRange     '0.2.0',
203 silly addNameRange     '0.2.1',
203 silly addNameRange     '0.2.2',
203 silly addNameRange     '0.2.3',
203 silly addNameRange     '0.3.0',
203 silly addNameRange     '0.4.0',
203 silly addNameRange     '0.4.1',
203 silly addNameRange     '1.0.0',
203 silly addNameRange     '0.4.2',
203 silly addNameRange     '0.5.0',
203 silly addNameRange     '0.5.1',
203 silly addNameRange     '0.6.0',
203 silly addNameRange     '1.1.0',
203 silly addNameRange     '0.6.1',
203 silly addNameRange     '1.1.1',
203 silly addNameRange     '0.6.2',
203 silly addNameRange     '0.6.3',
203 silly addNameRange     '0.6.4',
203 silly addNameRange     '0.6.5',
203 silly addNameRange     '2.0.0' ] ]
204 silly addNamed through2@1.1.1
205 verbose addNamed "1.1.1" is a plain semver version for through2
206 verbose get https://registry.npmjs.org/lodash.template not expired, no request
207 silly addNameRange number 2 { name: 'lodash.template',
207 silly addNameRange   range: '>=2.4.1 <2.5.0',
207 silly addNameRange   hasData: true }
208 silly addNameRange versions [ 'lodash.template',
208 silly addNameRange   [ '2.0.0',
208 silly addNameRange     '2.1.0',
208 silly addNameRange     '2.2.0',
208 silly addNameRange     '2.2.1',
208 silly addNameRange     '2.3.0',
208 silly addNameRange     '2.4.0',
208 silly addNameRange     '2.4.1',
208 silly addNameRange     '3.0.0',
208 silly addNameRange     '3.0.1',
208 silly addNameRange     '3.1.0',
208 silly addNameRange     '3.2.0',
208 silly addNameRange     '3.3.0',
208 silly addNameRange     '3.3.1',
208 silly addNameRange     '3.3.2',
208 silly addNameRange     '3.4.0',
208 silly addNameRange     '3.5.0',
208 silly addNameRange     '3.5.1',
208 silly addNameRange     '3.6.0',
208 silly addNameRange     '3.6.1',
208 silly addNameRange     '3.6.2' ] ]
209 silly addNamed lodash.template@2.4.1
210 verbose addNamed "2.4.1" is a plain semver version for lodash.template
211 silly mapToRegistry name node-notifier
212 silly mapToRegistry using default registry
213 silly mapToRegistry registry https://registry.npmjs.org/
214 silly mapToRegistry uri https://registry.npmjs.org/node-notifier
215 verbose addRemoteTarball https://registry.npmjs.org/node-notifier/-/node-notifier-3.4.1.tgz not in flight; adding
216 verbose addRemoteTarball [ 'https://registry.npmjs.org/node-notifier/-/node-notifier-3.4.1.tgz',
216 verbose addRemoteTarball   'ec0ba696bd6097aaf7c6c3e58b23c849f334bda1' ]
217 verbose get https://registry.npmjs.org/node.extend not expired, no request
218 silly addNameRange number 2 { name: 'node.extend', range: '>=1.0.9 <2.0.0', hasData: true }
219 silly addNameRange versions [ 'node.extend',
219 silly addNameRange   [ '0.0.1',
219 silly addNameRange     '1.0.0',
219 silly addNameRange     '1.0.1',
219 silly addNameRange     '1.0.2',
219 silly addNameRange     '1.0.3',
219 silly addNameRange     '1.0.4',
219 silly addNameRange     '1.0.5',
219 silly addNameRange     '1.0.6',
219 silly addNameRange     '1.0.7',
219 silly addNameRange     '1.0.8',
219 silly addNameRange     '1.0.9',
219 silly addNameRange     '1.0.10',
219 silly addNameRange     '1.1.0',
219 silly addNameRange     '1.1.1',
219 silly addNameRange     '1.1.2',
219 silly addNameRange     '1.1.3',
219 silly addNameRange     '1.1.4',
219 silly addNameRange     '1.1.5' ] ]
220 silly addNamed node.extend@1.1.5
221 verbose addNamed "1.1.5" is a plain semver version for node.extend
222 silly cache afterAdd gulp-util@2.2.20
223 verbose afterAdd /Users/hannahlmurray/.npm/gulp-util/2.2.20/package/package.json not in flight; writing
224 silly cache afterAdd through2@1.1.1
225 verbose afterAdd /Users/hannahlmurray/.npm/through2/1.1.1/package/package.json not in flight; writing
226 silly cache afterAdd lodash.template@2.4.1
227 verbose afterAdd /Users/hannahlmurray/.npm/lodash.template/2.4.1/package/package.json not in flight; writing
228 silly cache afterAdd node.extend@1.1.5
229 verbose afterAdd /Users/hannahlmurray/.npm/node.extend/1.1.5/package/package.json not in flight; writing
230 info retry fetch attempt 1 at 11:13:47 AM
231 info attempt registry request try #1 at 11:13:47 AM
232 http fetch GET https://registry.npmjs.org/node-notifier/-/node-notifier-3.4.1.tgz
233 verbose afterAdd /Users/hannahlmurray/.npm/gulp-util/2.2.20/package/package.json written
234 verbose afterAdd /Users/hannahlmurray/.npm/lodash.template/2.4.1/package/package.json written
235 verbose afterAdd /Users/hannahlmurray/.npm/through2/1.1.1/package/package.json written
236 verbose afterAdd /Users/hannahlmurray/.npm/node.extend/1.1.5/package/package.json written
237 http fetch 200 https://registry.npmjs.org/node-notifier/-/node-notifier-3.4.1.tgz
238 silly fetchAndShaCheck shasum ec0ba696bd6097aaf7c6c3e58b23c849f334bda1
239 silly rollbackFailedOptional Starting
240 silly rollbackFailedOptional Finishing
241 silly runTopLevelLifecycles Starting
242 silly runTopLevelLifecycles Finishing
243 silly install printInstalled
244 verbose stack Error: shasum check failed for /var/folders/94/82vssfz54nl0dp5ky7s0plfr0000gn/T/npm-1533-112cec84/registry.npmjs.org/node-notifier/-/node-notifier-3.4.1.tgz
244 verbose stack Expected: ec0ba696bd6097aaf7c6c3e58b23c849f334bda1
244 verbose stack Actual:   59e989f1077cf9d99342a520d47c15ddfdcafc24
244 verbose stack From:     https://registry.npmjs.org/node-notifier/-/node-notifier-3.4.1.tgz
244 verbose stack     at /usr/local/lib/node_modules/npm/node_modules/sha/index.js:25:8
244 verbose stack     at ReadStream.<anonymous> (/usr/local/lib/node_modules/npm/node_modules/sha/index.js:72:7)
244 verbose stack     at emitNone (events.js:72:20)
244 verbose stack     at ReadStream.emit (events.js:166:7)
244 verbose stack     at endReadableNT (_stream_readable.js:905:12)
244 verbose stack     at doNTCallback2 (node.js:450:9)
244 verbose stack     at process._tickCallback (node.js:364:17)
245 verbose cwd /Users/hannahlmurray/Documents/dev/parsonstable-redesign
246 error Darwin 15.0.0
247 error argv "/usr/local/Cellar/node/5.0.0/bin/node" "/usr/local/bin/npm" "install" "--save-dev" "gulp-notify"
248 error node v5.0.0
249 error npm  v3.3.9
250 error shasum check failed for /var/folders/94/82vssfz54nl0dp5ky7s0plfr0000gn/T/npm-1533-112cec84/registry.npmjs.org/node-notifier/-/node-notifier-3.4.1.tgz
250 error Expected: ec0ba696bd6097aaf7c6c3e58b23c849f334bda1
250 error Actual:   59e989f1077cf9d99342a520d47c15ddfdcafc24
250 error From:     https://registry.npmjs.org/node-notifier/-/node-notifier-3.4.1.tgz
251 error If you need help, you may report this error at:
251 error     <https://github.com/npm/npm/issues>
252 verbose exit [ 1, true ]
